<?xml version="1.0" encoding="UTF-8"?>
<!-- Generated by org.testng.reporters.JUnitReportReporter -->
<testsuite skipped="0" hostname="ACERPC-PC" name="pomTrainingTestcases.myProfileTestCasse" tests="1" failures="0" timestamp="2020-03-20T20:57:44 IST" time="150.443" errors="0">
  <testcase name="myProfileFunctionality" time="150.443" classname="pomTrainingTestcases.myProfileTestCasse"/>
  <system-out/>
</testsuite> <!-- pomTrainingTestcases.myProfileTestCasse -->
