<?xml version="1.0" encoding="UTF-8"?>
<!-- Generated by org.testng.reporters.JUnitReportReporter -->
<testsuite skipped="0" hostname="ACERPC-PC" name="pomTrainingTestcases.LoginTestCase" tests="1" failures="0" timestamp="2020-03-20T19:00:03 IST" time="63.916" errors="0">
  <testcase name="loginFunctionality" time="63.916" classname="pomTrainingTestcases.LoginTestCase"/>
  <system-out/>
</testsuite> <!-- pomTrainingTestcases.LoginTestCase -->
