<?xml version="1.0" encoding="UTF-8"?>
<!-- Generated by org.testng.reporters.JUnitReportReporter -->
<testsuite skipped="0" hostname="ACERPC-PC" name="pageFactoryWithoutAnnotations.LoginWithoutFindBy" tests="1" failures="0" timestamp="2020-03-21T11:29:19 IST" time="60.752" errors="0">
  <testcase name="login" time="60.752" classname="pageFactoryWithoutAnnotations.LoginWithoutFindBy"/>
  <system-out/>
</testsuite> <!-- pageFactoryWithoutAnnotations.LoginWithoutFindBy -->
